Arguments: 
  C:\Program Files\nodejs\node.exe C:\Users\arbal\AppData\Roaming\npm\node_modules\yarn\bin\yarn.js add --dev minifer

PATH: 
  C:\Program Files\Git\mingw64\bin;C:\Program Files\Git\usr\bin;C:\Users\arbal\bin;C:\Program Files\R\R-4.1.1\bin\x64;C:\Python310\Scripts;C:\Python310;C:\Program Files (x86)\Microsoft SDKs\Azure\CLI2\wbin;C:\WINDOWS\system32;C:\WINDOWS;C:\WINDOWS\System32\Wbem;C:\WINDOWS\System32\WindowsPowerShell\v1.0;C:\WINDOWS\System32\OpenSSH;C:\Program Files\Git\cmd;C:\Program Files\Microsoft VS Code\bin;C:\Program Files\PuTTY;C:\Program Files\Docker\Docker\resources\bin;C:\ProgramData\DockerDesktop\version-bin;C:\Program Files\qpdf\qpdf-10.6.3\bin;C:\Program Files\nodejs;C:\ProgramData\chocolatey\bin;C:\Users\arbal\AppData\Local\Microsoft\WindowsApps;C:\Users\arbal\AppData\Roaming\TinyTeX\bin\win32;C:\Users\arbal\AppData\Roaming\npm;C:\Program Files\Git\usr\bin;C:\Program Files\RStudio\bin\msys-ssh-1000-18

Yarn version: 
  1.22.18

Node version: 
  16.15.1

Platform: 
  win32 x64

Trace: 
  Error: https://registry.yarnpkg.com/minifer: Not found
      at Request.params.callback [as _callback] (C:\Users\arbal\AppData\Roaming\npm\node_modules\yarn\lib\cli.js:66138:18)
      at Request.self.callback (C:\Users\arbal\AppData\Roaming\npm\node_modules\yarn\lib\cli.js:140883:22)
      at Request.emit (node:events:527:28)
      at Request.<anonymous> (C:\Users\arbal\AppData\Roaming\npm\node_modules\yarn\lib\cli.js:141855:10)
      at Request.emit (node:events:527:28)
      at IncomingMessage.<anonymous> (C:\Users\arbal\AppData\Roaming\npm\node_modules\yarn\lib\cli.js:141777:12)
      at Object.onceWrapper (node:events:641:28)
      at IncomingMessage.emit (node:events:539:35)
      at endReadableNT (node:internal/streams/readable:1345:12)
      at processTicksAndRejections (node:internal/process/task_queues:83:21)

npm manifest: 
  {
    "name": "designer",
    "version": "0.2.0",
    "main": "index.js",
    "scripts": {
      "build": "node index.js",
      "test": "echo \"Error: no test specified\" && exit 1"
    },
    "repository": {
      "type": "git",
      "url": "git+https://github.com/ashbaldry/designer.git"
    },
    "keywords": [],
    "author": "",
    "license": "ISC",
    "bugs": {
      "url": "https://github.com/ashbaldry/designer/issues"
    },
    "homepage": "https://github.com/ashbaldry/designer#readme",
    "dependencies": {
      "@types/rstudio-shiny": "https://github.com/rstudio/shiny#v1.7.1",
      "sortablejs": "^1.15.0"
    }
  }

yarn manifest: 
  No manifest

Lockfile: 
  # THIS IS AN AUTOGENERATED FILE. DO NOT EDIT THIS FILE DIRECTLY.
  # yarn lockfile v1
  
  
  "@types/bootstrap-datepicker@0.0.14":
    version "0.0.14"
    resolved "https://registry.yarnpkg.com/@types/bootstrap-datepicker/-/bootstrap-datepicker-0.0.14.tgz#89bc5816dd0b802bf8d4923cf5461e2c98cbb450"
    integrity sha512-ZBwEUuwYpehEHWtkaIDl55N3F6dPz6xEsoPW5esCZdtuhuZdNC/ebFV2n48kATcY5S2HD3V0O5/J8nuEgVk9fQ==
    dependencies:
      "@types/jquery" "*"
  
  "@types/bootstrap@3.4.0":
    version "3.4.0"
    resolved "https://registry.yarnpkg.com/@types/bootstrap/-/bootstrap-3.4.0.tgz#7e74a2421b3984ce53ab459e979a99a78dd802c6"
    integrity sha512-LS05hVAAsX86qbHg7W+ydwBlNHrVCoFw6wEP3/uW4eYmRXl08bWmPeN/+onM+8qZTFfDgUlG/OItJI8SW972oQ==
    dependencies:
      "@types/jquery" "*"
  
  "@types/datatables.net@^1.10.19":
    version "1.10.22"
    resolved "https://registry.yarnpkg.com/@types/datatables.net/-/datatables.net-1.10.22.tgz#2f2f03a659d316c70fc719dba0a3bb31c9e54b67"
    integrity sha512-4VWfa/NrGiP5cZlZCAQ3aQBlPPX5VXSBRfb3C1plrCv3RKEslKp2oBEy/kaS/93OaqgBuFZBh10pOzgPa7ZXgw==
    dependencies:
      "@types/jquery" "*"
  
  "@types/ion-rangeslider@2.3.0":
    version "2.3.0"
    resolved "https://registry.yarnpkg.com/@types/ion-rangeslider/-/ion-rangeslider-2.3.0.tgz#dd089921c21acebc266c37e95d191e721ea21750"
    integrity sha512-u1k2Ekfg7E/ByCrtqtMk98g3QMXnMyIjCKU397YfjhWnTrms2BteoTanMqe0MJ1zyBBiP6+bwbc7P4cU+RiL+w==
  
  "@types/jquery@*", "@types/jquery@patch:@types/jquery@3.5.5#./srcts/patch/types-jquery.patch":
    version "3.5.14"
    resolved "https://registry.yarnpkg.com/@types/jquery/-/jquery-3.5.14.tgz#ac8e11ee591e94d4d58da602cb3a5a8320dee577"
    integrity sha512-X1gtMRMbziVQkErhTQmSe2jFwwENA/Zr+PprCkF63vFq+Yt5PZ4AlKqgmeNlwgn7dhsXEK888eIW2520EpC+xg==
    dependencies:
      "@types/sizzle" "*"
  
  "@types/rstudio-shiny@https://github.com/rstudio/shiny#v1.7.0":
    version "1.7.0"
    resolved "https://github.com/rstudio/shiny#0fc861afb4c748b544ce1ac39be2e44563a7acf2"
    dependencies:
      "@types/bootstrap" "3.4.0"
      "@types/bootstrap-datepicker" "0.0.14"
      "@types/datatables.net" "^1.10.19"
      "@types/ion-rangeslider" "2.3.0"
      "@types/jquery" "patch:@types/jquery@3.5.5#./srcts/patch/types-jquery.patch"
      "@types/selectize" "0.12.34"
  
  "@types/rstudio-shiny@https://github.com/rstudio/shiny#v1.7.1":
    version "1.7.0"
    resolved "https://github.com/rstudio/shiny#00775b90e85f89b015e19cdea402ccd85d038a8a"
    dependencies:
      "@types/bootstrap" "3.4.0"
      "@types/bootstrap-datepicker" "0.0.14"
      "@types/datatables.net" "^1.10.19"
      "@types/ion-rangeslider" "2.3.0"
      "@types/jquery" "patch:@types/jquery@3.5.5#./srcts/patch/types-jquery.patch"
      "@types/selectize" "0.12.34"
  
  "@types/selectize@0.12.34":
    version "0.12.34"
    resolved "https://registry.yarnpkg.com/@types/selectize/-/selectize-0.12.34.tgz#24a79e3176103019d2371ae9fc8487dcd1336cea"
    integrity sha512-OAXHsgsHBMJBHnB6QrFlHVa0+gCE5lgjdpwJDlJLRhrcsM4I2VXrm2vsG00//Rpdm4XgnX17vrBpjHlWOk1ALw==
  
  "@types/sizzle@*":
    version "2.3.3"
    resolved "https://registry.yarnpkg.com/@types/sizzle/-/sizzle-2.3.3.tgz#ff5e2f1902969d305225a047c8a0fd5c915cebef"
    integrity sha512-JYM8x9EGF163bEyhdJBpR2QX1R5naCJHC8ucJylJ3w9/CVBaskdQ8WqBf8MmQrd1kRvp/a4TS8HJ+bxzR7ZJYQ==
  
  sortablejs@^1.15.0:
    version "1.15.0"
    resolved "https://registry.yarnpkg.com/sortablejs/-/sortablejs-1.15.0.tgz#53230b8aa3502bb77a29e2005808ffdb4a5f7e2a"
    integrity sha512-bv9qgVMjUMf89wAvM6AxVvS/4MX3sPeN0+agqShejLU5z5GX4C75ow1O2e5k4L6XItUyAK3gH6AxSbXrOM5e8w==
